java.lang.ClassCastException: org.objectweb.asm.tree.MethodNode cannot be cast to scala.tools.partest.AsmNode
	at scala.tools.partest.AsmNode$ClassNodeOps$$anonfun$1.apply(AsmNode.scala:36)
	at scala.tools.partest.AsmNode$ClassNodeOps$$anonfun$1.apply(AsmNode.scala:36)
	at scala.collection.immutable.List.map(List.scala:274)
	at scala.tools.partest.AsmNode$ClassNodeOps.fieldsAndMethods(AsmNode.scala:36)
	at scala.tools.partest.BytecodeTest.sameCharacteristics(BytecodeTest.scala:63)
	at scala.tools.partest.BytecodeTest.sameMethodAndFieldDescriptors(BytecodeTest.scala:60)
	at Test$.show(test.scala:14)
	at scala.tools.partest.BytecodeTest.main(BytecodeTest.scala:37)
	at Test.main(test.scala)
	at sun.reflect.NativeMethodAccessorImpl.invoke0(Native Method)
	at sun.reflect.NativeMethodAccessorImpl.invoke(NativeMethodAccessorImpl.java:62)
	at sun.reflect.DelegatingMethodAccessorImpl.invoke(DelegatingMethodAccessorImpl.java:43)
	at java.lang.reflect.Method.invoke(Method.java:483)
	at scala.reflect.internal.util.ScalaClassLoader$$anonfun$run$1.apply(ScalaClassLoader.scala:68)
	at scala.reflect.internal.util.ScalaClassLoader$class.asContext(ScalaClassLoader.scala:31)
	at scala.reflect.internal.util.ScalaClassLoader$URLClassLoader.asContext(ScalaClassLoader.scala:99)
	at scala.reflect.internal.util.ScalaClassLoader$class.run(ScalaClassLoader.scala:68)
	at scala.reflect.internal.util.ScalaClassLoader$URLClassLoader.run(ScalaClassLoader.scala:99)
	at scala.tools.nsc.CommonRunner$class.run(ObjectRunner.scala:22)
	at scala.tools.nsc.ObjectRunner$.run(ObjectRunner.scala:39)
	at scala.tools.nsc.CommonRunner$class.runAndCatch(ObjectRunner.scala:29)
	at scala.tools.nsc.ObjectRunner$.runAndCatch(ObjectRunner.scala:39)
	at scala.tools.nsc.MainGenericRunner.runTarget$1(MainGenericRunner.scala:72)
	at scala.tools.nsc.MainGenericRunner.process(MainGenericRunner.scala:94)
	at scala.tools.nsc.MainGenericRunner$.main(MainGenericRunner.scala:103)
	at scala.tools.nsc.MainGenericRunner.main(MainGenericRunner.scala)
