compile-time
uninitialized D: class D<_>
initialized D: class D extends C
uninitialized x: val x<_>
initialized x: val x: Int
uninitialized y: lazy val y<_>
initialized y: lazy val y: Int
uninitialized z: def z<_>
initialized z: def z: Int
uninitialized t: def t<_>
initialized t: def t[T <: Int](x: D)(y: x.W): Int
uninitialized W: type W = String
initialized W: type W = String
uninitialized C: class C<_>
initialized C: class C extends D
uninitialized O: object O<_>
initialized O: object O
runtime
autoinitialized D: class D extends C
autoinitialized D: class D extends C
autoinitialized x: val x: Int
autoinitialized x: val x: Int
autoinitialized y: lazy val y: Int
autoinitialized y: lazy val y: Int
autoinitialized z: def z: Int
autoinitialized z: def z: Int
autoinitialized t: def t[T <: Int](x: D)(y: x.W): Int
autoinitialized t: def t[T <: Int](x: D)(y: x.W): Int
autoinitialized W: type W = String
autoinitialized W: type W = String
autoinitialized C: class C extends D
autoinitialized C: class C extends D
autoinitialized O: object O
autoinitialized O: object O
