==== Direct Calls ====

A with C
A with C
A with C
A with C
A with C
A with C
A with C
A with C
A with C
Any with C
Any with C
Any with C
Any with C
Any with C
Any with C
Any with C
Any with C
Any with C
B with C
B with C
B with C
B with C
B with C
B with C
B with C
B with C
B with C
C with C
C with C
C with C
C with C
C with C
C with C
C with C
C with C
C with C


==== Reflective Calls ====

A with A
A with A
A with A
A with A
A with A
A with A
A with A
A with A
A with A
A with Any
A with Any
A with Any
A with Any
A with Any
A with Any
A with Any
A with Any
A with Any
A with B
A with B
A with B
A with B
A with B
A with B
A with B
A with B
A with B
Any with A
Any with A
Any with A
Any with A
Any with A
Any with A
Any with A
Any with A
Any with A
Any with Any
Any with Any
Any with Any
Any with Any
Any with Any
Any with Any
Any with Any
Any with Any
Any with Any
Any with B
Any with B
Any with B
Any with B
Any with B
Any with B
Any with B
Any with B
Any with B
B with A
B with A
B with A
B with A
B with A
B with A
B with A
B with A
B with A
B with Any
B with Any
B with Any
B with Any
B with Any
B with Any
B with Any
B with Any
B with Any
B with B
B with B
B with B
B with B
B with B
B with B
B with B
B with B
B with B
C with A
C with A
C with A
C with A
C with A
C with A
C with A
C with A
C with A
C with Any
C with Any
C with Any
C with Any
C with Any
C with Any
C with Any
C with Any
C with Any
C with B
C with B
C with B
C with B
C with B
C with B
C with B
C with B
C with B


