java.lang.ClassFormatError: Invalid length 65525 in LocalVariableTable in class file Test$
	at java.lang.ClassLoader.defineClass1(Native Method)
	at java.lang.ClassLoader.defineClass(ClassLoader.java:760)
	at java.security.SecureClassLoader.defineClass(SecureClassLoader.java:142)
	at java.net.URLClassLoader.defineClass(URLClassLoader.java:455)
	at java.net.URLClassLoader.access$100(URLClassLoader.java:73)
	at java.net.URLClassLoader$1.run(URLClassLoader.java:367)
	at java.net.URLClassLoader$1.run(URLClassLoader.java:361)
	at java.security.AccessController.doPrivileged(Native Method)
	at java.net.URLClassLoader.findClass(URLClassLoader.java:360)
	at java.lang.ClassLoader.loadClass(ClassLoader.java:424)
	at java.lang.ClassLoader.loadClass(ClassLoader.java:357)
	at Test.main(t8233-bcode.scala)
	at sun.reflect.NativeMethodAccessorImpl.invoke0(Native Method)
	at sun.reflect.NativeMethodAccessorImpl.invoke(NativeMethodAccessorImpl.java:62)
	at sun.reflect.DelegatingMethodAccessorImpl.invoke(DelegatingMethodAccessorImpl.java:43)
	at java.lang.reflect.Method.invoke(Method.java:483)
	at scala.reflect.internal.util.ScalaClassLoader$$anonfun$run$1.apply(ScalaClassLoader.scala:68)
	at scala.reflect.internal.util.ScalaClassLoader$class.asContext(ScalaClassLoader.scala:31)
	at scala.reflect.internal.util.ScalaClassLoader$URLClassLoader.asContext(ScalaClassLoader.scala:99)
	at scala.reflect.internal.util.ScalaClassLoader$class.run(ScalaClassLoader.scala:68)
	at scala.reflect.internal.util.ScalaClassLoader$URLClassLoader.run(ScalaClassLoader.scala:99)
	at scala.tools.nsc.CommonRunner$class.run(ObjectRunner.scala:22)
	at scala.tools.nsc.ObjectRunner$.run(ObjectRunner.scala:39)
	at scala.tools.nsc.CommonRunner$class.runAndCatch(ObjectRunner.scala:29)
	at scala.tools.nsc.ObjectRunner$.runAndCatch(ObjectRunner.scala:39)
	at scala.tools.nsc.MainGenericRunner.runTarget$1(MainGenericRunner.scala:72)
	at scala.tools.nsc.MainGenericRunner.process(MainGenericRunner.scala:94)
	at scala.tools.nsc.MainGenericRunner$.main(MainGenericRunner.scala:103)
	at scala.tools.nsc.MainGenericRunner.main(MainGenericRunner.scala)
